<?xml version="1.0" encoding="UTF-8"?>
<!-- Generated by org.testng.reporters.JUnitReportReporter -->
<testsuite skipped="0" hostname="BLR-BT4BXS2" name="com.mycompany.app.SeleniumTest" tests="1" failures="0" timestamp="31 Jul 2019 17:16:06 GMT" time="0.000" errors="0">
  <testcase name="BrowserAutomation" time="0.000" classname="com.mycompany.app.SeleniumTest"/>
</testsuite> <!-- com.mycompany.app.SeleniumTest -->
